../bases/issue/faccount.fst
../bases/issue/faccount.cnt
../bases/issue/faccount.ifp
../bases/issue/faccount.l01
../bases/issue/faccount.l02
../bases/issue/faccount.n01
../bases/issue/faccount.n02
../bases/issue/faccount.mst
../bases/issue/faccount.xrf
../bases/issue/facic.fst
../bases/issue/facic.cnt
../bases/issue/facic.ifp
../bases/issue/facic.l01
../bases/issue/facic.l02
../bases/issue/facic.n01
../bases/issue/facic.n02
../bases/issue/facic.mst
../bases/issue/facic.xrf
../bases/issue/issue.fst
../bases/issue/issue.cnt
../bases/issue/issue.ifp
../bases/issue/issue.l01
../bases/issue/issue.l02
../bases/issue/issue.n01
../bases/issue/issue.n02
../bases/issue/issue.mst
../bases/issue/issue.xrf
